<?xml version="1.0" encoding="UTF-8"?>
<testng-results skipped="0" failed="0" ignored="0" total="1" passed="1">
  <reporter-output>
  </reporter-output>
  <suite name="Default suite" duration-ms="5471" started-at="2022-02-06T21:07:59 IST" finished-at="2022-02-06T21:08:04 IST">
    <groups>
    </groups>
    <test name="Default test" duration-ms="5471" started-at="2022-02-06T21:07:59 IST" finished-at="2022-02-06T21:08:04 IST">
      <class name="restassuredTests.Test1_Get_Request">
        <test-method status="PASS" signature="getUserDetails()[pri:0, instance:restassuredTests.Test1_Get_Request@7113b13f]" name="getUserDetails" duration-ms="5391" started-at="2022-02-06T21:07:59 IST" finished-at="2022-02-06T21:08:04 IST">
          <reporter-output>
          </reporter-output>
        </test-method> <!-- getUserDetails -->
      </class> <!-- restassuredTests.Test1_Get_Request -->
    </test> <!-- Default test -->
  </suite> <!-- Default suite -->
</testng-results>
